<?xml version="1.0" encoding="UTF-8"?>
<!-- Generated by org.testng.reporters.JUnitXMLReporter -->
<testsuite ignored="0" hostname="NETWAYL083" failures="1" tests="2" name="Test" time="19.284" errors="0" timestamp="2025-01-10T15:38:57 IST">
  <testcase classname="rahulshetty.testCases.TC003_LoginDDT" name="verifyLoginExcel" time="0.664"/>
  <testcase classname="rahulshetty.testCases.TC003_LoginDDT" name="verifyLoginExcel" time="10.317">
    <failure type="java.lang.AssertionError" message="expected [true] but found [false]">
      <![CDATA[java.lang.AssertionError: expected [true] but found [false]
at rahulshetty.testCases.TC003_LoginDDT.verifyLoginExcel(TC003_LoginDDT.java:28)
at java.base/java.util.ArrayList.forEach(ArrayList.java:1597)
... Removed 33 stack frames]]>
    </failure>
  </testcase> <!-- verifyLoginExcel -->
</testsuite> <!-- Test -->
