<?xml version="1.0" encoding="UTF-8"?>
<!-- Generated by org.testng.reporters.JUnitXMLReporter -->
<testsuite ignored="0" hostname="NETWAYL083" failures="2" tests="4" name="edgebrowsertest" time="32.317" errors="0" timestamp="2025-01-08T18:34:24 IST">
  <testcase classname="rahulshetty.testCases.TC001_UserRegister" name="verifyAccountRegister" time="0.264">
    <failure type="java.lang.AssertionError" message="null">
      <![CDATA[java.lang.AssertionError: null
at rahulshetty.testCases.TC001_UserRegister.verifyAccountRegister(TC001_UserRegister.java:59)
at java.base/java.util.ArrayList.forEach(ArrayList.java:1597)
at java.base/java.util.concurrent.FutureTask.run(FutureTask.java:317)
at java.base/java.util.concurrent.ThreadPoolExecutor.runWorker(ThreadPoolExecutor.java:1144)
at java.base/java.util.concurrent.ThreadPoolExecutor$Worker.run(ThreadPoolExecutor.java:642)
at java.base/java.lang.Thread.run(Thread.java:1575)
... Removed 17 stack frames]]>
    </failure>
  </testcase> <!-- verifyAccountRegister -->
  <testcase classname="rahulshetty.testCases.TC002_LoginTest" name="verifyLogin" time="0.755"/>
  <testcase classname="rahulshetty.testCases.TC003_LoginDDT" name="verifyLoginExcel" time="0.805"/>
  <testcase classname="rahulshetty.testCases.TC003_LoginDDT" name="verifyLoginExcel" time="10.422">
    <failure type="java.lang.AssertionError" message="expected [true] but found [false]">
      <![CDATA[java.lang.AssertionError: expected [true] but found [false]
at rahulshetty.testCases.TC003_LoginDDT.verifyLoginExcel(TC003_LoginDDT.java:26)
at java.base/java.util.ArrayList.forEach(ArrayList.java:1597)
at java.base/java.util.concurrent.FutureTask.run(FutureTask.java:317)
at java.base/java.util.concurrent.ThreadPoolExecutor.runWorker(ThreadPoolExecutor.java:1144)
at java.base/java.util.concurrent.ThreadPoolExecutor$Worker.run(ThreadPoolExecutor.java:642)
at java.base/java.lang.Thread.run(Thread.java:1575)
... Removed 19 stack frames]]>
    </failure>
  </testcase> <!-- verifyLoginExcel -->
</testsuite> <!-- edgebrowsertest -->
