<?xml version="1.0" encoding="UTF-8"?>
<!-- Generated by org.testng.reporters.JUnitXMLReporter -->
<testsuite ignored="0" hostname="NETWAYL083" failures="0" tests="4" name="firefoxbrowsertest" time="225.52" errors="0" timestamp="2025-01-08T18:37:38 IST">
  <testcase classname="rahulshetty.testCases.TC001_UserRegister" name="verifyAccountRegister" time="0.0">
    <skipped/>
  </testcase> <!-- verifyAccountRegister -->
  <testcase classname="rahulshetty.testCases.TC002_LoginTest" name="verifyLogin" time="0.0">
    <skipped/>
  </testcase> <!-- verifyLogin -->
  <testcase classname="rahulshetty.testCases.TC003_LoginDDT" name="verifyLoginExcel" time="0.0">
    <skipped/>
  </testcase> <!-- verifyLoginExcel -->
  <testcase classname="rahulshetty.testCases.TC003_LoginDDT" name="verifyLoginExcel" time="0.0">
    <skipped/>
  </testcase> <!-- verifyLoginExcel -->
</testsuite> <!-- firefoxbrowsertest -->
