<?xml version="1.0" encoding="UTF-8"?>
<testng-results ignored="0" total="2" passed="1" failed="1" skipped="0">
  <reporter-output>
  </reporter-output>
  <suite started-at="2025-01-10T06:07:58 IST" name="Master Suite" finished-at="2025-01-10T06:08:19 IST" duration-ms="20849">
    <groups>
      <group name="dataDriven">
        <method signature="TC003_LoginDDT.verifyLoginExcel(java.lang.String,java.lang.String,java.lang.String)[pri:0, instance:rahulshetty.testCases.TC003_LoginDDT@741b3bc3]" name="verifyLoginExcel" class="rahulshetty.testCases.TC003_LoginDDT"/>
      </group> <!-- dataDriven -->
    </groups>
    <test started-at="2025-01-10T06:07:58 IST" name="Test" finished-at="2025-01-10T06:08:19 IST" duration-ms="20849">
      <class name="rahulshetty.testCases.TC003_LoginDDT">
        <test-method is-config="true" signature="setup(java.lang.String,java.lang.String)[pri:0, instance:rahulshetty.testCases.TC003_LoginDDT@741b3bc3]" started-at="2025-01-10T06:07:58 IST" name="setup" finished-at="2025-01-10T06:08:07 IST" duration-ms="8399" status="PASS">
          <params>
            <param index="0">
              <value>
                <![CDATA[Windows]]>
              </value>
            </param>
            <param index="1">
              <value>
                <![CDATA[chrome]]>
              </value>
            </param>
          </params>
          <reporter-output>
          </reporter-output>
        </test-method> <!-- setup -->
        <test-method signature="verifyLoginExcel(java.lang.String,java.lang.String,java.lang.String)[pri:0, instance:rahulshetty.testCases.TC003_LoginDDT@741b3bc3]" started-at="2025-01-10T06:08:07 IST" name="verifyLoginExcel" data-provider="LoginData" finished-at="2025-01-10T06:08:08 IST" duration-ms="872" status="PASS">
          <params>
            <param index="0">
              <value>
                <![CDATA[boata4@fmail.com]]>
              </value>
            </param>
            <param index="1">
              <value>
                <![CDATA[Test1234]]>
              </value>
            </param>
            <param index="2">
              <value>
                <![CDATA[valid]]>
              </value>
            </param>
          </params>
          <reporter-output>
          </reporter-output>
        </test-method> <!-- verifyLoginExcel -->
        <test-method signature="verifyLoginExcel(java.lang.String,java.lang.String,java.lang.String)[pri:0, instance:rahulshetty.testCases.TC003_LoginDDT@741b3bc3]" started-at="2025-01-10T06:08:08 IST" name="verifyLoginExcel" data-provider="LoginData" finished-at="2025-01-10T06:08:19 IST" duration-ms="10329" status="FAIL">
          <params>
            <param index="0">
              <value>
                <![CDATA[test@123gmail.com]]>
              </value>
            </param>
            <param index="1">
              <value>
                <![CDATA[Test1234]]>
              </value>
            </param>
            <param index="2">
              <value>
                <![CDATA[invalid]]>
              </value>
            </param>
          </params>
          <exception class="java.lang.AssertionError">
            <message>
              <![CDATA[expected [true] but found [false]]]>
            </message>
            <full-stacktrace>
              <![CDATA[java.lang.AssertionError: expected [true] but found [false]
at org.testng.Assert.fail(Assert.java:111)
at org.testng.Assert.failNotEquals(Assert.java:1578)
at org.testng.Assert.assertTrue(Assert.java:57)
at org.testng.Assert.assertTrue(Assert.java:67)
at rahulshetty.testCases.TC003_LoginDDT.verifyLoginExcel(TC003_LoginDDT.java:26)
at java.base/jdk.internal.reflect.DirectMethodHandleAccessor.invoke(DirectMethodHandleAccessor.java:103)
at java.base/java.lang.reflect.Method.invoke(Method.java:580)
at org.testng.internal.invokers.MethodInvocationHelper.invokeMethod(MethodInvocationHelper.java:141)
at org.testng.internal.invokers.TestInvoker.invokeMethod(TestInvoker.java:686)
at org.testng.internal.invokers.TestInvoker.invokeTestMethod(TestInvoker.java:230)
at org.testng.internal.invokers.MethodRunner.runInSequence(MethodRunner.java:63)
at org.testng.internal.invokers.TestInvoker$MethodInvocationAgent.invoke(TestInvoker.java:992)
at org.testng.internal.invokers.TestInvoker.invokeTestMethods(TestInvoker.java:203)
at org.testng.internal.invokers.TestMethodWorker.invokeTestMethods(TestMethodWorker.java:154)
at org.testng.internal.invokers.TestMethodWorker.run(TestMethodWorker.java:134)
at java.base/java.util.ArrayList.forEach(ArrayList.java:1597)
at org.testng.TestRunner.privateRun(TestRunner.java:739)
at org.testng.TestRunner.run(TestRunner.java:614)
at org.testng.SuiteRunner.runTest(SuiteRunner.java:421)
at org.testng.SuiteRunner.runSequentially(SuiteRunner.java:413)
at org.testng.SuiteRunner.privateRun(SuiteRunner.java:373)
at org.testng.SuiteRunner.run(SuiteRunner.java:312)
at org.testng.SuiteRunnerWorker.runSuite(SuiteRunnerWorker.java:52)
at org.testng.SuiteRunnerWorker.run(SuiteRunnerWorker.java:95)
at org.testng.TestNG.runSuitesSequentially(TestNG.java:1274)
at org.testng.TestNG.runSuitesLocally(TestNG.java:1208)
at org.testng.TestNG.runSuites(TestNG.java:1112)
at org.testng.TestNG.run(TestNG.java:1079)
at org.testng.remote.AbstractRemoteTestNG.run(AbstractRemoteTestNG.java:115)
at org.testng.remote.RemoteTestNG.initAndRun(RemoteTestNG.java:293)
at org.testng.remote.RemoteTestNG.main(RemoteTestNG.java:91)
]]>
            </full-stacktrace>
          </exception> <!-- java.lang.AssertionError -->
          <reporter-output>
          </reporter-output>
        </test-method> <!-- verifyLoginExcel -->
        <test-method is-config="true" signature="tearDown()[pri:0, instance:rahulshetty.testCases.TC003_LoginDDT@741b3bc3]" started-at="2025-01-10T06:08:19 IST" name="tearDown" finished-at="2025-01-10T06:08:19 IST" duration-ms="295" status="PASS">
          <reporter-output>
          </reporter-output>
        </test-method> <!-- tearDown -->
      </class> <!-- rahulshetty.testCases.TC003_LoginDDT -->
    </test> <!-- Test -->
  </suite> <!-- Master Suite -->
</testng-results>
